2023-05-31 10:21:19 [http-nio-8082-exec-7] TRACE WG.by.fpmibsu.servlets.FlagServlet - Generating Flag Servlet.
2023-05-31 10:21:19 [http-nio-8082-exec-7] TRACE WG.by.fpmibsu.service.FlagService - Initialising FlagQuiz question.
2023-05-31 10:21:20 [http-nio-8082-exec-7] TRACE WG.by.fpmibsu.service.FlagService - Returning random num for Flag.
2023-05-31 10:21:20 [http-nio-8082-exec-2] TRACE WG.by.fpmibsu.servlets.LoginServlet - Entering Login servlet.
2023-05-31 10:21:20 [http-nio-8082-exec-2] TRACE WG.by.fpmibsu.service.LoginService - Entering login method Service.
2023-05-31 10:21:21 [http-nio-8082-exec-2] TRACE WG.by.fpmibsu.service.LoginService - Entering login redirect method Service.
2023-05-31 10:21:21 [http-nio-8082-exec-8] TRACE WG.by.fpmibsu.servlets.FlagServlet - Generating Fact Servlet.
2023-05-31 10:21:21 [http-nio-8082-exec-8] TRACE WG.by.fpmibsu.service.FlagService - Initialising FactQuiz question.
2023-05-31 10:21:21 [http-nio-8082-exec-8] TRACE WG.by.fpmibsu.service.FlagService - Returning random num for Fact.
2023-05-31 10:21:27 [http-nio-8082-exec-5] TRACE WG.by.fpmibsu.servlets.CountryServlet - Generating Country Servlet.
2023-05-31 10:21:27 [http-nio-8082-exec-5] TRACE WG.by.fpmibsu.service.FlagService - Initialising FlagQuiz question.
2023-05-31 10:21:27 [http-nio-8082-exec-5] TRACE WG.by.fpmibsu.service.FlagService - Returning random num for Country.
2023-05-31 10:21:31 [http-nio-8082-exec-4] TRACE WG.by.fpmibsu.servlets.CountryServlet - Entering Country Servlet.
2023-05-31 10:21:31 [http-nio-8082-exec-4] TRACE WG.by.fpmibsu.service.FlagService - Getting the answer to FlagQuiz question.
2023-05-31 10:21:40 [http-nio-8082-exec-1] TRACE WG.by.fpmibsu.servlets.CountryServlet - Entering Country Servlet.
2023-05-31 10:21:40 [http-nio-8082-exec-1] TRACE WG.by.fpmibsu.service.FlagService - Getting the answer to FlagQuiz question.
2023-05-31 10:22:43 [http-nio-8082-exec-1] TRACE WG.by.fpmibsu.servlets.LoginServlet - Entering Login servlet.
2023-05-31 10:22:43 [http-nio-8082-exec-1] TRACE WG.by.fpmibsu.service.LoginService - Entering login method Service.
2023-05-31 10:22:44 [http-nio-8082-exec-1] TRACE WG.by.fpmibsu.service.LoginService - Entering login redirect method Service.
2023-05-31 10:22:48 [http-nio-8082-exec-4] TRACE WG.by.fpmibsu.servlets.CountryServlet - Generating Country Servlet.
2023-05-31 10:22:48 [http-nio-8082-exec-4] TRACE WG.by.fpmibsu.service.FlagService - Initialising FlagQuiz question.
2023-05-31 10:22:48 [http-nio-8082-exec-4] TRACE WG.by.fpmibsu.service.FlagService - Returning random num for Country.
2023-05-31 10:22:53 [http-nio-8082-exec-5] TRACE WG.by.fpmibsu.servlets.CountryServlet - Entering Country Servlet.
2023-05-31 10:22:53 [http-nio-8082-exec-5] TRACE WG.by.fpmibsu.service.FlagService - Getting the answer to FlagQuiz question.
2023-05-31 10:23:15 [http-nio-8082-exec-8] TRACE WG.by.fpmibsu.servlets.AnswerServlet - Entering Answer Servlet.
2023-05-31 10:23:15 [http-nio-8082-exec-8] TRACE WG.by.fpmibsu.service.AnswerService - Redirecting from quiz
2023-05-31 10:23:19 [http-nio-8082-exec-9] TRACE WG.by.fpmibsu.servlets.FlagServlet - Generating Flag Servlet.
2023-05-31 10:23:19 [http-nio-8082-exec-9] TRACE WG.by.fpmibsu.service.FlagService - Initialising FlagQuiz question.
2023-05-31 10:23:19 [http-nio-8082-exec-9] TRACE WG.by.fpmibsu.service.FlagService - Returning random num for Flag.
2023-05-31 10:23:24 [http-nio-8082-exec-3] TRACE WG.by.fpmibsu.servlets.FlagServlet - Entering Flag Servlet.
2023-05-31 10:23:24 [http-nio-8082-exec-3] TRACE WG.by.fpmibsu.service.FlagService - Getting the answer to FlagQuiz question.
2023-05-31 10:23:27 [http-nio-8082-exec-2] TRACE WG.by.fpmibsu.servlets.AnswerServlet - Entering Answer Servlet.
2023-05-31 10:23:27 [http-nio-8082-exec-2] TRACE WG.by.fpmibsu.service.AnswerService - Redirecting from quiz
2023-05-31 10:23:28 [http-nio-8082-exec-1] TRACE WG.by.fpmibsu.servlets.FlagServlet - Generating Flag Servlet.
2023-05-31 10:23:28 [http-nio-8082-exec-1] TRACE WG.by.fpmibsu.service.FlagService - Initialising FlagQuiz question.
2023-05-31 10:23:28 [http-nio-8082-exec-1] TRACE WG.by.fpmibsu.service.FlagService - Returning random num for Flag.
2023-05-31 10:23:33 [http-nio-8082-exec-4] TRACE WG.by.fpmibsu.servlets.FlagServlet - Entering Flag Servlet.
2023-05-31 10:23:33 [http-nio-8082-exec-4] TRACE WG.by.fpmibsu.service.FlagService - Getting the answer to FlagQuiz question.
2023-05-31 10:23:35 [http-nio-8082-exec-6] TRACE WG.by.fpmibsu.servlets.AnswerServlet - Entering Answer Servlet.
2023-05-31 10:23:35 [http-nio-8082-exec-6] TRACE WG.by.fpmibsu.service.AnswerService - Redirecting from quiz
2023-05-31 10:23:36 [http-nio-8082-exec-7] TRACE WG.by.fpmibsu.servlets.FlagServlet - Generating Flag Servlet.
2023-05-31 10:23:36 [http-nio-8082-exec-7] TRACE WG.by.fpmibsu.service.FlagService - Initialising FlagQuiz question.
2023-05-31 10:23:36 [http-nio-8082-exec-7] TRACE WG.by.fpmibsu.service.FlagService - Returning random num for Flag.
2023-05-31 10:23:40 [http-nio-8082-exec-8] TRACE WG.by.fpmibsu.servlets.FlagServlet - Entering Flag Servlet.
2023-05-31 10:23:40 [http-nio-8082-exec-8] TRACE WG.by.fpmibsu.service.FlagService - Getting the answer to FlagQuiz question.
2023-05-31 10:23:43 [http-nio-8082-exec-9] TRACE WG.by.fpmibsu.servlets.AnswerServlet - Entering Answer Servlet.
2023-05-31 10:23:43 [http-nio-8082-exec-9] TRACE WG.by.fpmibsu.service.AnswerService - Redirecting from quiz
2023-05-31 10:23:44 [http-nio-8082-exec-10] TRACE WG.by.fpmibsu.servlets.FlagServlet - Generating Flag Servlet.
2023-05-31 10:23:44 [http-nio-8082-exec-10] TRACE WG.by.fpmibsu.service.FlagService - Initialising FlagQuiz question.
2023-05-31 10:23:44 [http-nio-8082-exec-10] TRACE WG.by.fpmibsu.service.FlagService - Returning random num for Flag.
2023-05-31 10:23:47 [http-nio-8082-exec-3] TRACE WG.by.fpmibsu.servlets.FlagServlet - Entering Flag Servlet.
2023-05-31 10:23:47 [http-nio-8082-exec-3] TRACE WG.by.fpmibsu.service.FlagService - Getting the answer to FlagQuiz question.
2023-05-31 10:23:49 [http-nio-8082-exec-2] TRACE WG.by.fpmibsu.servlets.AnswerServlet - Entering Answer Servlet.
2023-05-31 10:23:49 [http-nio-8082-exec-2] TRACE WG.by.fpmibsu.service.AnswerService - Redirecting from quiz
2023-05-31 10:23:50 [http-nio-8082-exec-1] TRACE WG.by.fpmibsu.servlets.FlagServlet - Generating Flag Servlet.
2023-05-31 10:23:50 [http-nio-8082-exec-1] TRACE WG.by.fpmibsu.service.FlagService - Initialising FlagQuiz question.
2023-05-31 10:23:50 [http-nio-8082-exec-1] TRACE WG.by.fpmibsu.service.FlagService - Returning random num for Flag.
2023-05-31 10:23:53 [http-nio-8082-exec-4] TRACE WG.by.fpmibsu.servlets.FlagServlet - Entering Flag Servlet.
2023-05-31 10:23:53 [http-nio-8082-exec-4] TRACE WG.by.fpmibsu.service.FlagService - Getting the answer to FlagQuiz question.
2023-05-31 10:23:55 [http-nio-8082-exec-5] TRACE WG.by.fpmibsu.servlets.AnswerServlet - Entering Answer Servlet.
2023-05-31 10:23:55 [http-nio-8082-exec-5] TRACE WG.by.fpmibsu.service.AnswerService - Redirecting from quiz
2023-05-31 10:23:58 [http-nio-8082-exec-7] TRACE WG.by.fpmibsu.servlets.FlagServlet - Generating Flag Servlet.
2023-05-31 10:23:58 [http-nio-8082-exec-7] TRACE WG.by.fpmibsu.service.FlagService - Initialising FlagQuiz question.
2023-05-31 10:23:59 [http-nio-8082-exec-7] TRACE WG.by.fpmibsu.service.FlagService - Returning random num for Flag.
2023-05-31 10:24:03 [http-nio-8082-exec-8] TRACE WG.by.fpmibsu.servlets.FlagServlet - Entering Flag Servlet.
2023-05-31 10:24:03 [http-nio-8082-exec-8] TRACE WG.by.fpmibsu.service.FlagService - Getting the answer to FlagQuiz question.
2023-05-31 10:24:06 [http-nio-8082-exec-9] TRACE WG.by.fpmibsu.servlets.AnswerServlet - Entering Answer Servlet.
2023-05-31 10:24:06 [http-nio-8082-exec-9] TRACE WG.by.fpmibsu.service.AnswerService - Redirecting from quiz
2023-05-31 10:24:07 [http-nio-8082-exec-10] TRACE WG.by.fpmibsu.servlets.FlagServlet - Generating Flag Servlet.
2023-05-31 10:24:07 [http-nio-8082-exec-10] TRACE WG.by.fpmibsu.service.FlagService - Initialising FlagQuiz question.
2023-05-31 10:24:08 [http-nio-8082-exec-10] TRACE WG.by.fpmibsu.service.FlagService - Returning random num for Flag.
2023-05-31 10:24:10 [http-nio-8082-exec-3] TRACE WG.by.fpmibsu.servlets.FlagServlet - Entering Flag Servlet.
2023-05-31 10:24:10 [http-nio-8082-exec-3] TRACE WG.by.fpmibsu.service.FlagService - Getting the answer to FlagQuiz question.
2023-05-31 10:24:13 [http-nio-8082-exec-2] TRACE WG.by.fpmibsu.servlets.AnswerServlet - Entering Answer Servlet.
2023-05-31 10:24:13 [http-nio-8082-exec-2] TRACE WG.by.fpmibsu.service.AnswerService - Redirecting from quiz
2023-05-31 10:24:14 [http-nio-8082-exec-1] TRACE WG.by.fpmibsu.servlets.FlagServlet - Generating Flag Servlet.
2023-05-31 10:24:14 [http-nio-8082-exec-1] TRACE WG.by.fpmibsu.service.FlagService - Initialising FlagQuiz question.
2023-05-31 10:24:14 [http-nio-8082-exec-1] TRACE WG.by.fpmibsu.service.FlagService - Returning random num for Flag.
2023-05-31 10:24:18 [http-nio-8082-exec-4] TRACE WG.by.fpmibsu.servlets.FlagServlet - Entering Flag Servlet.
2023-05-31 10:24:18 [http-nio-8082-exec-4] TRACE WG.by.fpmibsu.service.FlagService - Getting the answer to FlagQuiz question.
2023-05-31 10:24:24 [http-nio-8082-exec-6] TRACE WG.by.fpmibsu.servlets.AnswerServlet - Entering Answer Servlet.
2023-05-31 10:24:24 [http-nio-8082-exec-6] TRACE WG.by.fpmibsu.service.AnswerService - Redirecting from quiz
2023-05-31 10:24:25 [http-nio-8082-exec-7] TRACE WG.by.fpmibsu.servlets.FlagServlet - Generating Flag Servlet.
2023-05-31 10:24:25 [http-nio-8082-exec-7] TRACE WG.by.fpmibsu.service.FlagService - Initialising FlagQuiz question.
2023-05-31 10:24:25 [http-nio-8082-exec-7] TRACE WG.by.fpmibsu.service.FlagService - Returning random num for Flag.
2023-05-31 10:24:28 [http-nio-8082-exec-8] TRACE WG.by.fpmibsu.servlets.FlagServlet - Entering Flag Servlet.
2023-05-31 10:24:28 [http-nio-8082-exec-8] TRACE WG.by.fpmibsu.service.FlagService - Getting the answer to FlagQuiz question.
2023-05-31 10:24:30 [http-nio-8082-exec-9] TRACE WG.by.fpmibsu.servlets.AnswerServlet - Entering Answer Servlet.
2023-05-31 10:24:30 [http-nio-8082-exec-9] TRACE WG.by.fpmibsu.service.AnswerService - Redirecting from quiz
2023-05-31 10:24:31 [http-nio-8082-exec-10] TRACE WG.by.fpmibsu.servlets.FlagServlet - Generating Flag Servlet.
2023-05-31 10:24:31 [http-nio-8082-exec-10] TRACE WG.by.fpmibsu.service.FlagService - Initialising FlagQuiz question.
2023-05-31 10:24:31 [http-nio-8082-exec-10] TRACE WG.by.fpmibsu.service.FlagService - Returning random num for Flag.
2023-05-31 10:24:36 [http-nio-8082-exec-3] TRACE WG.by.fpmibsu.servlets.FlagServlet - Entering Flag Servlet.
2023-05-31 10:24:36 [http-nio-8082-exec-3] TRACE WG.by.fpmibsu.service.FlagService - Getting the answer to FlagQuiz question.
2023-05-31 10:24:39 [http-nio-8082-exec-2] TRACE WG.by.fpmibsu.servlets.AnswerServlet - Entering Answer Servlet.
2023-05-31 10:24:39 [http-nio-8082-exec-2] TRACE WG.by.fpmibsu.service.AnswerService - Redirecting from quiz
2023-05-31 10:24:39 [http-nio-8082-exec-1] TRACE WG.by.fpmibsu.servlets.FlagServlet - Generating Flag Servlet.
2023-05-31 10:24:39 [http-nio-8082-exec-1] TRACE WG.by.fpmibsu.service.FlagService - Initialising FlagQuiz question.
2023-05-31 10:24:39 [http-nio-8082-exec-1] TRACE WG.by.fpmibsu.service.FlagService - Returning random num for Flag.
2023-05-31 10:24:44 [http-nio-8082-exec-5] TRACE WG.by.fpmibsu.servlets.FlagServlet - Entering Flag Servlet.
2023-05-31 10:24:44 [http-nio-8082-exec-5] TRACE WG.by.fpmibsu.service.FlagService - Getting the answer to FlagQuiz question.
2023-05-31 10:24:46 [http-nio-8082-exec-6] TRACE WG.by.fpmibsu.servlets.AnswerServlet - Entering Answer Servlet.
2023-05-31 10:24:46 [http-nio-8082-exec-6] TRACE WG.by.fpmibsu.service.AnswerService - Redirecting from quiz
2023-05-31 10:24:47 [http-nio-8082-exec-7] TRACE WG.by.fpmibsu.servlets.FlagServlet - Generating Flag Servlet.
2023-05-31 10:24:47 [http-nio-8082-exec-7] TRACE WG.by.fpmibsu.service.FlagService - Initialising FlagQuiz question.
2023-05-31 10:24:47 [http-nio-8082-exec-7] TRACE WG.by.fpmibsu.service.FlagService - Returning random num for Flag.
2023-05-31 10:24:52 [http-nio-8082-exec-8] TRACE WG.by.fpmibsu.servlets.FlagServlet - Entering Flag Servlet.
2023-05-31 10:24:52 [http-nio-8082-exec-8] TRACE WG.by.fpmibsu.service.FlagService - Getting the answer to FlagQuiz question.
2023-05-31 10:24:54 [http-nio-8082-exec-9] TRACE WG.by.fpmibsu.servlets.AnswerServlet - Entering Answer Servlet.
2023-05-31 10:24:54 [http-nio-8082-exec-9] TRACE WG.by.fpmibsu.service.AnswerService - Redirecting from quiz
2023-05-31 10:24:55 [http-nio-8082-exec-10] TRACE WG.by.fpmibsu.servlets.FlagServlet - Generating Flag Servlet.
2023-05-31 10:24:55 [http-nio-8082-exec-10] TRACE WG.by.fpmibsu.service.FlagService - Initialising FlagQuiz question.
2023-05-31 10:24:55 [http-nio-8082-exec-10] TRACE WG.by.fpmibsu.service.FlagService - Returning random num for Flag.
2023-05-31 10:25:01 [http-nio-8082-exec-3] TRACE WG.by.fpmibsu.servlets.FlagServlet - Entering Flag Servlet.
2023-05-31 10:25:01 [http-nio-8082-exec-3] TRACE WG.by.fpmibsu.service.FlagService - Getting the answer to FlagQuiz question.
2023-05-31 10:25:08 [http-nio-8082-exec-1] TRACE WG.by.fpmibsu.servlets.AnswerServlet - Entering Answer Servlet.
2023-05-31 10:25:08 [http-nio-8082-exec-1] TRACE WG.by.fpmibsu.service.AnswerService - Redirecting from quiz
2023-05-31 10:25:12 [http-nio-8082-exec-4] TRACE WG.by.fpmibsu.servlets.FlagServlet - Generating Fact Servlet.
2023-05-31 10:25:12 [http-nio-8082-exec-4] TRACE WG.by.fpmibsu.service.FlagService - Initialising FactQuiz question.
2023-05-31 10:25:12 [http-nio-8082-exec-4] TRACE WG.by.fpmibsu.service.FlagService - Returning random num for Fact.
2023-05-31 10:25:52 [http-nio-8082-exec-7] TRACE WG.by.fpmibsu.servlets.FlagServlet - Entering Fact Servlet.
2023-05-31 10:25:52 [http-nio-8082-exec-7] TRACE WG.by.fpmibsu.service.FlagService - Getting the answer to FactQuiz question.
2023-05-31 10:25:54 [http-nio-8082-exec-8] TRACE WG.by.fpmibsu.servlets.AnswerServlet - Entering Answer Servlet.
2023-05-31 10:25:54 [http-nio-8082-exec-8] TRACE WG.by.fpmibsu.service.AnswerService - Redirecting from quiz
2023-05-31 10:26:04 [http-nio-8082-exec-9] TRACE WG.by.fpmibsu.servlets.FlagServlet - Generating Fact Servlet.
2023-05-31 10:26:04 [http-nio-8082-exec-9] TRACE WG.by.fpmibsu.service.FlagService - Initialising FactQuiz question.
2023-05-31 10:26:04 [http-nio-8082-exec-9] TRACE WG.by.fpmibsu.service.FlagService - Returning random num for Fact.
2023-05-31 10:26:08 [http-nio-8082-exec-10] TRACE WG.by.fpmibsu.servlets.FlagServlet - Entering Fact Servlet.
2023-05-31 10:26:08 [http-nio-8082-exec-10] TRACE WG.by.fpmibsu.service.FlagService - Getting the answer to FactQuiz question.
2023-05-31 10:26:11 [http-nio-8082-exec-3] TRACE WG.by.fpmibsu.servlets.AnswerServlet - Entering Answer Servlet.
2023-05-31 10:26:11 [http-nio-8082-exec-3] TRACE WG.by.fpmibsu.service.AnswerService - Redirecting from quiz
2023-05-31 10:26:12 [http-nio-8082-exec-2] TRACE WG.by.fpmibsu.servlets.FlagServlet - Generating Fact Servlet.
2023-05-31 10:26:12 [http-nio-8082-exec-2] TRACE WG.by.fpmibsu.service.FlagService - Initialising FactQuiz question.
2023-05-31 10:26:12 [http-nio-8082-exec-2] TRACE WG.by.fpmibsu.service.FlagService - Returning random num for Fact.
2023-05-31 10:26:17 [http-nio-8082-exec-4] TRACE WG.by.fpmibsu.servlets.FlagServlet - Entering Fact Servlet.
2023-05-31 10:26:17 [http-nio-8082-exec-4] TRACE WG.by.fpmibsu.service.FlagService - Getting the answer to FactQuiz question.
2023-05-31 10:26:19 [http-nio-8082-exec-6] TRACE WG.by.fpmibsu.servlets.AnswerServlet - Entering Answer Servlet.
2023-05-31 10:26:19 [http-nio-8082-exec-6] TRACE WG.by.fpmibsu.service.AnswerService - Redirecting from quiz
2023-05-31 10:26:20 [http-nio-8082-exec-7] TRACE WG.by.fpmibsu.servlets.FlagServlet - Generating Fact Servlet.
2023-05-31 10:26:20 [http-nio-8082-exec-7] TRACE WG.by.fpmibsu.service.FlagService - Initialising FactQuiz question.
2023-05-31 10:26:20 [http-nio-8082-exec-7] TRACE WG.by.fpmibsu.service.FlagService - Returning random num for Fact.
2023-05-31 10:26:22 [http-nio-8082-exec-8] TRACE WG.by.fpmibsu.servlets.FlagServlet - Entering Fact Servlet.
2023-05-31 10:26:22 [http-nio-8082-exec-8] TRACE WG.by.fpmibsu.service.FlagService - Getting the answer to FactQuiz question.
2023-05-31 10:26:24 [http-nio-8082-exec-9] TRACE WG.by.fpmibsu.servlets.AnswerServlet - Entering Answer Servlet.
2023-05-31 10:26:24 [http-nio-8082-exec-9] TRACE WG.by.fpmibsu.service.AnswerService - Redirecting from quiz
2023-05-31 10:26:25 [http-nio-8082-exec-10] TRACE WG.by.fpmibsu.servlets.FlagServlet - Generating Fact Servlet.
2023-05-31 10:26:25 [http-nio-8082-exec-10] TRACE WG.by.fpmibsu.service.FlagService - Initialising FactQuiz question.
2023-05-31 10:26:26 [http-nio-8082-exec-10] TRACE WG.by.fpmibsu.service.FlagService - Returning random num for Fact.
2023-05-31 10:26:42 [http-nio-8082-exec-1] TRACE WG.by.fpmibsu.servlets.FlagServlet - Entering Fact Servlet.
2023-05-31 10:26:42 [http-nio-8082-exec-1] TRACE WG.by.fpmibsu.service.FlagService - Getting the answer to FactQuiz question.
2023-05-31 10:26:44 [http-nio-8082-exec-2] TRACE WG.by.fpmibsu.servlets.AnswerServlet - Entering Answer Servlet.
2023-05-31 10:26:44 [http-nio-8082-exec-2] TRACE WG.by.fpmibsu.service.AnswerService - Redirecting from quiz
2023-05-31 11:23:36 [http-nio-8082-exec-7] TRACE WG.by.fpmibsu.servlets.LoginServlet - Entering Login servlet.
2023-05-31 11:23:36 [http-nio-8082-exec-7] TRACE WG.by.fpmibsu.service.LoginService - Entering login method Service.
2023-05-31 11:23:37 [http-nio-8082-exec-7] TRACE WG.by.fpmibsu.service.LoginService - Entering login redirect method Service.
2023-05-31 11:24:58 [http-nio-8082-exec-4] TRACE WG.by.fpmibsu.servlets.LoginServlet - Entering Login servlet.
2023-05-31 11:24:58 [http-nio-8082-exec-4] TRACE WG.by.fpmibsu.service.LoginService - Entering login method Service.
2023-05-31 11:24:59 [http-nio-8082-exec-4] TRACE WG.by.fpmibsu.service.LoginService - Entering login redirect method Service.
2023-05-31 11:26:00 [http-nio-8082-exec-4] TRACE WG.by.fpmibsu.servlets.LoginServlet - Entering Login servlet.
2023-05-31 11:26:00 [http-nio-8082-exec-4] TRACE WG.by.fpmibsu.service.LoginService - Entering login method Service.
2023-05-31 11:26:01 [http-nio-8082-exec-4] TRACE WG.by.fpmibsu.service.LoginService - Entering login redirect method Service.
2023-05-31 11:26:08 [http-nio-8082-exec-5] TRACE WG.by.fpmibsu.servlets.LoginServlet - Entering Login servlet.
2023-05-31 11:26:08 [http-nio-8082-exec-5] TRACE WG.by.fpmibsu.service.LoginService - Entering login method Service.
2023-05-31 11:26:09 [http-nio-8082-exec-5] TRACE WG.by.fpmibsu.service.LoginService - Entering login redirect method Service.
2023-05-31 11:29:10 [http-nio-8082-exec-4] TRACE WG.by.fpmibsu.servlets.LoginServlet - Entering Login servlet.
2023-05-31 11:29:10 [http-nio-8082-exec-4] TRACE WG.by.fpmibsu.service.LoginService - Entering login method Service.
2023-05-31 11:29:10 [http-nio-8082-exec-4] TRACE WG.by.fpmibsu.servlets.LoginServlet - Exiting Login servlet.
2023-05-31 11:29:34 [http-nio-8082-exec-8] TRACE WG.by.fpmibsu.servlets.RegistrationServlet - Entering Admin Servlet.
2023-05-31 11:29:34 [http-nio-8082-exec-8] TRACE WG.by.fpmibsu.service.RegistrationService - Entering Admin page Service.
2023-05-31 11:29:34 [http-nio-8082-exec-8] TRACE WG.by.fpmibsu.servlets.RegistrationServlet - Exiting Register Servlet.
2023-05-31 11:43:27 [http-nio-8082-exec-3] TRACE WG.by.fpmibsu.servlets.LoginServlet - Entering Login servlet.
2023-05-31 11:43:27 [http-nio-8082-exec-3] TRACE WG.by.fpmibsu.service.LoginService - Entering login method Service.
2023-05-31 11:43:28 [http-nio-8082-exec-3] TRACE WG.by.fpmibsu.service.LoginService - Entering login redirect method Service.
2023-05-31 11:43:28 [http-nio-8082-exec-3] TRACE WG.by.fpmibsu.servlets.LoginServlet - Exiting Login servlet.
2023-05-31 11:43:42 [http-nio-8082-exec-4] TRACE WG.by.fpmibsu.servlets.LoginServlet - Entering Login servlet.
2023-05-31 11:43:42 [http-nio-8082-exec-4] TRACE WG.by.fpmibsu.service.LoginService - Entering login method Service.
2023-05-31 11:43:43 [http-nio-8082-exec-4] TRACE WG.by.fpmibsu.servlets.LoginServlet - Exiting Login servlet.
2023-05-31 11:43:50 [http-nio-8082-exec-7] TRACE WG.by.fpmibsu.servlets.RegistrationServlet - Entering Admin Servlet.
2023-05-31 11:43:51 [http-nio-8082-exec-7] TRACE WG.by.fpmibsu.service.RegistrationService - Entering Admin page Service.
2023-05-31 11:43:51 [http-nio-8082-exec-7] ERROR WG.by.fpmibsu.servlets.RegistrationServlet - Failed to registering.
2023-05-31 11:45:31 [http-nio-8082-exec-3] TRACE WG.by.fpmibsu.servlets.LoginServlet - Entering Login servlet.
2023-05-31 11:45:31 [http-nio-8082-exec-3] TRACE WG.by.fpmibsu.service.LoginService - Entering login method Service.
2023-05-31 11:45:32 [http-nio-8082-exec-3] TRACE WG.by.fpmibsu.service.LoginService - Entering login redirect method Service.
2023-05-31 11:45:32 [http-nio-8082-exec-3] TRACE WG.by.fpmibsu.servlets.LoginServlet - Exiting Login servlet.
2023-05-31 11:51:10 [http-nio-8082-exec-6] TRACE WG.by.fpmibsu.servlets.LoginServlet - Entering Login servlet.
2023-05-31 11:51:10 [http-nio-8082-exec-6] TRACE WG.by.fpmibsu.service.LoginService - Entering login method Service.
2023-05-31 11:51:11 [http-nio-8082-exec-6] TRACE WG.by.fpmibsu.servlets.LoginServlet - Exiting Login servlet.
2023-05-31 11:51:18 [http-nio-8082-exec-8] TRACE WG.by.fpmibsu.servlets.RegistrationServlet - Entering Admin Servlet.
2023-05-31 11:51:18 [http-nio-8082-exec-8] TRACE WG.by.fpmibsu.service.RegistrationService - Entering Admin page Service.
2023-05-31 11:51:19 [http-nio-8082-exec-8] TRACE WG.by.fpmibsu.servlets.RegistrationServlet - Exiting Register Servlet.
2023-05-31 11:52:59 [http-nio-8082-exec-3] TRACE WG.by.fpmibsu.servlets.LoginServlet - Entering Login servlet.
2023-05-31 11:52:59 [http-nio-8082-exec-3] TRACE WG.by.fpmibsu.service.LoginService - Entering login method Service.
2023-05-31 11:53:00 [http-nio-8082-exec-3] TRACE WG.by.fpmibsu.service.LoginService - Entering login redirect method Service.
2023-05-31 11:53:00 [http-nio-8082-exec-3] TRACE WG.by.fpmibsu.servlets.LoginServlet - Exiting Login servlet.
2023-05-31 11:53:08 [http-nio-8082-exec-4] TRACE WG.by.fpmibsu.servlets.LoginServlet - Entering Login servlet.
2023-05-31 11:53:08 [http-nio-8082-exec-4] TRACE WG.by.fpmibsu.service.LoginService - Entering login method Service.
2023-05-31 11:53:08 [http-nio-8082-exec-4] TRACE WG.by.fpmibsu.service.LoginService - Entering login redirect method Service.
2023-05-31 11:53:08 [http-nio-8082-exec-4] TRACE WG.by.fpmibsu.servlets.LoginServlet - Exiting Login servlet.
2023-05-31 11:55:11 [http-nio-8082-exec-3] TRACE WG.by.fpmibsu.servlets.LoginServlet - Entering Login servlet.
2023-05-31 11:55:11 [http-nio-8082-exec-3] TRACE WG.by.fpmibsu.service.LoginService - Entering login method Service.
2023-05-31 11:55:12 [http-nio-8082-exec-3] TRACE WG.by.fpmibsu.service.LoginService - Entering login redirect method Service.
2023-05-31 11:55:12 [http-nio-8082-exec-3] TRACE WG.by.fpmibsu.servlets.LoginServlet - Exiting Login servlet.
2023-05-31 11:56:06 [http-nio-8082-exec-6] TRACE WG.by.fpmibsu.servlets.LoginServlet - Entering Login servlet.
2023-05-31 11:56:06 [http-nio-8082-exec-6] TRACE WG.by.fpmibsu.service.LoginService - Entering login method Service.
2023-05-31 11:56:07 [http-nio-8082-exec-6] TRACE WG.by.fpmibsu.servlets.LoginServlet - Exiting Login servlet.
2023-05-31 11:58:26 [http-nio-8082-exec-4] TRACE WG.by.fpmibsu.servlets.LoginServlet - Entering Login servlet.
2023-05-31 11:58:26 [http-nio-8082-exec-4] TRACE WG.by.fpmibsu.service.LoginService - Entering login method Service.
2023-05-31 11:58:27 [http-nio-8082-exec-4] TRACE WG.by.fpmibsu.servlets.LoginServlet - Exiting Login servlet.
2023-05-31 11:58:36 [http-nio-8082-exec-6] TRACE WG.by.fpmibsu.servlets.LoginServlet - Entering Login servlet.
2023-05-31 11:58:36 [http-nio-8082-exec-6] TRACE WG.by.fpmibsu.service.LoginService - Entering login method Service.
2023-05-31 11:58:37 [http-nio-8082-exec-6] TRACE WG.by.fpmibsu.service.LoginService - Entering login redirect method Service.
2023-05-31 11:58:38 [http-nio-8082-exec-6] TRACE WG.by.fpmibsu.servlets.LoginServlet - Exiting Login servlet.
2023-05-31 11:58:40 [http-nio-8082-exec-5] TRACE WG.by.fpmibsu.servlets.CountryServlet - Generating Country Servlet.
2023-05-31 11:58:40 [http-nio-8082-exec-5] TRACE WG.by.fpmibsu.service.FlagService - Initialising FlagQuiz question.
2023-05-31 11:58:40 [http-nio-8082-exec-5] TRACE WG.by.fpmibsu.service.FlagService - Returning random num for Country.
2023-05-31 11:58:45 [http-nio-8082-exec-1] TRACE WG.by.fpmibsu.servlets.CountryServlet - Entering Country Servlet.
2023-05-31 11:58:45 [http-nio-8082-exec-1] TRACE WG.by.fpmibsu.service.FlagService - Getting the answer to FlagQuiz question.
2023-05-31 11:58:48 [http-nio-8082-exec-3] TRACE WG.by.fpmibsu.servlets.AnswerServlet - Entering Answer Servlet.
2023-05-31 11:58:48 [http-nio-8082-exec-3] TRACE WG.by.fpmibsu.service.AnswerService - Redirecting from quiz
2023-05-31 11:58:49 [http-nio-8082-exec-4] TRACE WG.by.fpmibsu.servlets.FlagServlet - Generating Flag Servlet.
2023-05-31 11:58:49 [http-nio-8082-exec-4] TRACE WG.by.fpmibsu.service.FlagService - Initialising FlagQuiz question.
2023-05-31 11:58:49 [http-nio-8082-exec-4] TRACE WG.by.fpmibsu.service.FlagService - Returning random num for Flag.
2023-05-31 11:58:54 [http-nio-8082-exec-6] TRACE WG.by.fpmibsu.servlets.FlagServlet - Entering Flag Servlet.
2023-05-31 11:58:54 [http-nio-8082-exec-6] TRACE WG.by.fpmibsu.service.FlagService - Getting the answer to FlagQuiz question.
2023-05-31 11:58:56 [http-nio-8082-exec-7] TRACE WG.by.fpmibsu.servlets.AnswerServlet - Entering Answer Servlet.
2023-05-31 11:58:56 [http-nio-8082-exec-7] TRACE WG.by.fpmibsu.service.AnswerService - Redirecting from quiz
2023-05-31 11:58:57 [http-nio-8082-exec-5] TRACE WG.by.fpmibsu.servlets.FlagServlet - Generating Fact Servlet.
2023-05-31 11:58:57 [http-nio-8082-exec-5] TRACE WG.by.fpmibsu.service.FlagService - Initialising FactQuiz question.
2023-05-31 11:58:57 [http-nio-8082-exec-5] TRACE WG.by.fpmibsu.service.FlagService - Returning random num for Fact.
2023-05-31 11:59:02 [http-nio-8082-exec-10] TRACE WG.by.fpmibsu.servlets.FlagServlet - Entering Fact Servlet.
2023-05-31 11:59:02 [http-nio-8082-exec-10] TRACE WG.by.fpmibsu.service.FlagService - Getting the answer to FactQuiz question.
2023-05-31 12:01:09 [http-nio-8082-exec-3] TRACE WG.by.fpmibsu.servlets.AnswerServlet - Entering Answer Servlet.
2023-05-31 12:01:09 [http-nio-8082-exec-3] TRACE WG.by.fpmibsu.service.AnswerService - Redirecting from quiz
2023-05-31 12:01:14 [http-nio-8082-exec-4] TRACE WG.by.fpmibsu.servlets.FlagServlet - Generating Fact Servlet.
2023-05-31 12:01:14 [http-nio-8082-exec-4] TRACE WG.by.fpmibsu.service.FlagService - Initialising FactQuiz question.
2023-05-31 12:01:14 [http-nio-8082-exec-4] TRACE WG.by.fpmibsu.service.FlagService - Returning random num for Fact.
2023-05-31 12:01:21 [http-nio-8082-exec-8] TRACE WG.by.fpmibsu.servlets.FlagServlet - Entering Fact Servlet.
2023-05-31 12:01:21 [http-nio-8082-exec-8] TRACE WG.by.fpmibsu.service.FlagService - Getting the answer to FactQuiz question.
2023-05-31 12:01:25 [http-nio-8082-exec-6] TRACE WG.by.fpmibsu.servlets.AnswerServlet - Entering Answer Servlet.
2023-05-31 12:01:25 [http-nio-8082-exec-6] TRACE WG.by.fpmibsu.service.AnswerService - Redirecting from quiz
